Traceback (most recent call last):
  File "/home/danielco/miniconda3/envs/dcunhao/lib/python3.7/site-packages/joblib/parallel.py", line 935, in retrieve
    self._output.extend(job.get(timeout=self.timeout))
  File "/home/danielco/miniconda3/envs/dcunhao/lib/python3.7/site-packages/joblib/_parallel_backends.py", line 542, in wrap_future_result
    return future.result(timeout=timeout)
  File "/home/danielco/miniconda3/envs/dcunhao/lib/python3.7/concurrent/futures/_base.py", line 427, in result
    self._condition.wait(timeout)
  File "/home/danielco/miniconda3/envs/dcunhao/lib/python3.7/threading.py", line 296, in wait
    waiter.acquire()
KeyboardInterrupt

During handling of the above exception, another exception occurred:

Traceback (most recent call last):
  File "/home/danielco/Downloads/nn-var-cov-pred/src/training/runners.py", line 109, in run_model_training
    verbose=verbose)
  File "/home/danielco/Downloads/nn-var-cov-pred/src/training/optimization.py", line 76, in hyper_params_search
    callbacks=wrapper.callbacks,
  File "/home/danielco/miniconda3/envs/dcunhao/lib/python3.7/site-packages/sklearn/model_selection/_search.py", line 687, in fit
    self._run_search(evaluate_candidates)
  File "/home/danielco/miniconda3/envs/dcunhao/lib/python3.7/site-packages/sklearn/model_selection/_search.py", line 1468, in _run_search
    random_state=self.random_state))
  File "/home/danielco/miniconda3/envs/dcunhao/lib/python3.7/site-packages/sklearn/model_selection/_search.py", line 666, in evaluate_candidates
    cv.split(X, y, groups)))
  File "/home/danielco/miniconda3/envs/dcunhao/lib/python3.7/site-packages/joblib/parallel.py", line 1056, in __call__
    self.retrieve()
  File "/home/danielco/miniconda3/envs/dcunhao/lib/python3.7/site-packages/joblib/parallel.py", line 957, in retrieve
    backend.abort_everything(ensure_ready=ensure_ready)
  File "/home/danielco/miniconda3/envs/dcunhao/lib/python3.7/site-packages/joblib/_parallel_backends.py", line 561, in abort_everything
    self._workers.terminate(kill_workers=True)
  File "/home/danielco/miniconda3/envs/dcunhao/lib/python3.7/site-packages/joblib/executor.py", line 74, in terminate
    self.shutdown(kill_workers=kill_workers)
  File "/home/danielco/miniconda3/envs/dcunhao/lib/python3.7/site-packages/joblib/externals/loky/process_executor.py", line 1185, in shutdown
    executor_manager_thread.join()
  File "/home/danielco/miniconda3/envs/dcunhao/lib/python3.7/threading.py", line 1032, in join
    self._wait_for_tstate_lock()
  File "/home/danielco/miniconda3/envs/dcunhao/lib/python3.7/threading.py", line 1048, in _wait_for_tstate_lock
    elif lock.acquire(block, timeout):
KeyboardInterrupt
