Traceback (most recent call last):
  File "/home/danielco/miniconda3/lib/python3.9/site-packages/joblib/parallel.py", line 935, in retrieve
    self._output.extend(job.get(timeout=self.timeout))
  File "/home/danielco/miniconda3/lib/python3.9/site-packages/joblib/_parallel_backends.py", line 542, in wrap_future_result
    return future.result(timeout=timeout)
  File "/home/danielco/miniconda3/lib/python3.9/concurrent/futures/_base.py", line 441, in result
    self._condition.wait(timeout)
  File "/home/danielco/miniconda3/lib/python3.9/threading.py", line 312, in wait
    waiter.acquire()
KeyboardInterrupt

During handling of the above exception, another exception occurred:

Traceback (most recent call last):
  File "/home/danielco/Downloads/nn-var-cov-pred/src/training/runners.py", line 87, in run_model_training
    model_search = opt.hyper_params_search(X=X_train_zscore,
  File "/home/danielco/Downloads/nn-var-cov-pred/src/training/optimization.py", line 69, in hyper_params_search
    model_search_output = model_search.fit(X=X,
  File "/home/danielco/miniconda3/lib/python3.9/site-packages/sklearn/model_selection/_search.py", line 891, in fit
    self._run_search(evaluate_candidates)
  File "/home/danielco/miniconda3/lib/python3.9/site-packages/sklearn/model_selection/_search.py", line 1766, in _run_search
    evaluate_candidates(
  File "/home/danielco/miniconda3/lib/python3.9/site-packages/sklearn/model_selection/_search.py", line 838, in evaluate_candidates
    out = parallel(
  File "/home/danielco/miniconda3/lib/python3.9/site-packages/joblib/parallel.py", line 1056, in __call__
    self.retrieve()
  File "/home/danielco/miniconda3/lib/python3.9/site-packages/joblib/parallel.py", line 957, in retrieve
    backend.abort_everything(ensure_ready=ensure_ready)
  File "/home/danielco/miniconda3/lib/python3.9/site-packages/joblib/_parallel_backends.py", line 561, in abort_everything
    self._workers.terminate(kill_workers=True)
  File "/home/danielco/miniconda3/lib/python3.9/site-packages/joblib/executor.py", line 74, in terminate
    self.shutdown(kill_workers=kill_workers)
  File "/home/danielco/miniconda3/lib/python3.9/site-packages/joblib/externals/loky/process_executor.py", line 1185, in shutdown
    executor_manager_thread.join()
  File "/home/danielco/miniconda3/lib/python3.9/threading.py", line 1053, in join
    self._wait_for_tstate_lock()
  File "/home/danielco/miniconda3/lib/python3.9/threading.py", line 1073, in _wait_for_tstate_lock
    if lock.acquire(block, timeout):
KeyboardInterrupt
